<?xml version="1.0" encoding="UTF-8"?>
<testng-results ignored="0" total="1" passed="1" failed="0" skipped="0">
  <reporter-output>
  </reporter-output>
  <suite started-at="2025-01-16T23:36:06 IST" name="Surefire suite" finished-at="2025-01-16T23:36:06 IST" duration-ms="9">
    <groups>
    </groups>
    <test started-at="2025-01-16T23:36:06 IST" name="Surefire test" finished-at="2025-01-16T23:36:06 IST" duration-ms="9">
      <class name="com.RedRose.Testng01.AppTest">
        <test-method signature="testApp()[pri:0, instance:testApp(com.RedRose.Testng01.AppTest)]" started-at="2025-01-16T23:36:06 IST" name="testApp" finished-at="2025-01-16T23:36:06 IST" duration-ms="1" status="PASS">
          <reporter-output>
          </reporter-output>
        </test-method> <!-- testApp -->
      </class> <!-- com.RedRose.Testng01.AppTest -->
    </test> <!-- Surefire test -->
  </suite> <!-- Surefire suite -->
</testng-results>
