<?xml version="1.0" encoding="UTF-8"?>
<!-- Generated by org.testng.reporters.JUnitXMLReporter -->
<testsuite ignored="0" hostname="DESKTOP-VCBNVLB" failures="0" tests="8" name="Test2" time="0.051" errors="0" timestamp="2024-12-26T14:58:18 IST">
  <testcase classname="com.RedRose.Testng01.TesNG03" name="startCar" time="0.01"/>
  <testcase classname="com.RedRose.Testng01.TesNG03" name="firstGear" time="0.002"/>
  <testcase classname="com.RedRose.Testng01.TesNG03" name="firstGear" time="0.001"/>
  <testcase classname="com.RedRose.Testng01.TesNG03" name="firstGear" time="0.002"/>
  <testcase classname="com.RedRose.Testng01.TesNG03" name="secondGear" time="0.002"/>
  <testcase classname="com.RedRose.Testng01.TesNG03" name="thirdGear" time="0.002"/>
  <testcase classname="com.RedRose.Testng01.TesNG03" name="fourthGear" time="0.001"/>
  <testcase classname="com.RedRose.Testng01.TesNG03" name="stopCar" time="0.003"/>
</testsuite> <!-- Test2 -->
