<?xml version="1.0" encoding="UTF-8"?>
<!-- Generated by org.testng.reporters.JUnitXMLReporter -->
<testsuite ignored="0" hostname="DESKTOP-VCBNVLB" failures="0" tests="11" name="Surefire test" time="0.084" errors="0" timestamp="2025-01-16T23:36:05 IST">
  <testcase classname="com.RedRose.Testng01.TestNG01" name="fifthTestCase" time="0.005"/>
  <testcase classname="com.RedRose.Testng01.Testng02" name="firstGear" time="0.001"/>
  <testcase classname="com.RedRose.Testng01.TestNG01" name="firstTestCase" time="0.001"/>
  <testcase classname="com.RedRose.Testng01.Testng02" name="fourthGear" time="0.0"/>
  <testcase classname="com.RedRose.Testng01.TestNG01" name="fourthTestCase" time="0.001"/>
  <testcase classname="com.RedRose.Testng01.Testng02" name="secondGear" time="0.0"/>
  <testcase classname="com.RedRose.Testng01.TestNG01" name="secondTestCase" time="0.001"/>
  <testcase classname="com.RedRose.Testng01.Testng02" name="stopCar" time="0.001"/>
  <testcase classname="com.RedRose.Testng01.TestNG01" name="thirdTestCase" time="0.0"/>
  <testcase classname="com.RedRose.Testng01.Testng02" name="startCar" time="0.001"/>
  <testcase classname="com.RedRose.Testng01.Testng02" name="thirdGear" time="0.001"/>
</testsuite> <!-- Surefire test -->
