<?xml version="1.0" encoding="UTF-8"?>
<testng-results ignored="0" total="13" passed="12" failed="1" skipped="0">
  <reporter-output>
  </reporter-output>
  <suite started-at="2024-12-26T14:58:17 IST" name="Suite" finished-at="2024-12-26T14:58:18 IST" duration-ms="243">
    <groups>
      <group name="GroupA">
        <method signature="Testng02.firstGear()[pri:0, instance:com.RedRose.Testng01.Testng02@47eaca72]" name="firstGear" class="com.RedRose.Testng01.Testng02"/>
        <method signature="Testng02.secondGear()[pri:0, instance:com.RedRose.Testng01.Testng02@47eaca72]" name="secondGear" class="com.RedRose.Testng01.Testng02"/>
        <method signature="Testng02.startCar()[pri:1, instance:com.RedRose.Testng01.Testng02@47eaca72]" name="startCar" class="com.RedRose.Testng01.Testng02"/>
      </group> <!-- GroupA -->
      <group name="making">
        <method signature="TesNG03.startCar(java.lang.String,java.lang.String)[pri:1, instance:com.RedRose.Testng01.TesNG03@26794848]" name="startCar" class="com.RedRose.Testng01.TesNG03"/>
        <method signature="TesNG03.firstGear()[pri:2, instance:com.RedRose.Testng01.TesNG03@26794848]" name="firstGear" class="com.RedRose.Testng01.TesNG03"/>
        <method signature="TesNG03.secondGear()[pri:3, instance:com.RedRose.Testng01.TesNG03@26794848]" name="secondGear" class="com.RedRose.Testng01.TesNG03"/>
      </group> <!-- making -->
      <group name="king">
        <method signature="TesNG03.thirdGear()[pri:4, instance:com.RedRose.Testng01.TesNG03@26794848]" name="thirdGear" class="com.RedRose.Testng01.TesNG03"/>
        <method signature="TesNG03.fourthGear()[pri:5, instance:com.RedRose.Testng01.TesNG03@26794848]" name="fourthGear" class="com.RedRose.Testng01.TesNG03"/>
        <method signature="TesNG03.stopCar()[pri:6, instance:com.RedRose.Testng01.TesNG03@26794848]" name="stopCar" class="com.RedRose.Testng01.TesNG03"/>
      </group> <!-- king -->
    </groups>
    <test started-at="2024-12-26T14:58:17 IST" name="Test" finished-at="2024-12-26T14:58:17 IST" duration-ms="94">
      <class name="com.RedRose.Testng01.Testng02">
        <test-method signature="firstGear()[pri:0, instance:com.RedRose.Testng01.Testng02@47eaca72]" started-at="2024-12-26T14:58:17 IST" name="firstGear" finished-at="2024-12-26T14:58:17 IST" duration-ms="13" status="FAIL">
          <exception class="java.lang.ArithmeticException">
            <message>
              <![CDATA[/ by zero]]>
            </message>
            <full-stacktrace>
              <![CDATA[java.lang.ArithmeticException: / by zero
at com.RedRose.Testng01.Testng02.firstGear(Testng02.java:12)
at java.base/jdk.internal.reflect.DirectMethodHandleAccessor.invoke(DirectMethodHandleAccessor.java:103)
at java.base/java.lang.reflect.Method.invoke(Method.java:580)
at org.testng.internal.invokers.MethodInvocationHelper.invokeMethod(MethodInvocationHelper.java:139)
at org.testng.internal.invokers.TestInvoker.invokeMethod(TestInvoker.java:664)
at org.testng.internal.invokers.TestInvoker.invokeTestMethod(TestInvoker.java:228)
at org.testng.internal.invokers.MethodRunner.runInSequence(MethodRunner.java:63)
at org.testng.internal.invokers.TestInvoker$MethodInvocationAgent.invoke(TestInvoker.java:961)
at org.testng.internal.invokers.TestInvoker.invokeTestMethods(TestInvoker.java:201)
at org.testng.internal.invokers.TestMethodWorker.invokeTestMethods(TestMethodWorker.java:148)
at org.testng.internal.invokers.TestMethodWorker.run(TestMethodWorker.java:128)
at java.base/java.util.ArrayList.forEach(ArrayList.java:1597)
at org.testng.TestRunner.privateRun(TestRunner.java:819)
at org.testng.TestRunner.run(TestRunner.java:619)
at org.testng.SuiteRunner.runTest(SuiteRunner.java:443)
at org.testng.SuiteRunner.runSequentially(SuiteRunner.java:437)
at org.testng.SuiteRunner.privateRun(SuiteRunner.java:397)
at org.testng.SuiteRunner.run(SuiteRunner.java:336)
at org.testng.SuiteRunnerWorker.runSuite(SuiteRunnerWorker.java:52)
at org.testng.SuiteRunnerWorker.run(SuiteRunnerWorker.java:95)
at org.testng.TestNG.runSuitesSequentially(TestNG.java:1301)
at org.testng.TestNG.runSuitesLocally(TestNG.java:1228)
at org.testng.TestNG.runSuites(TestNG.java:1134)
at org.testng.TestNG.run(TestNG.java:1101)
at org.testng.remote.AbstractRemoteTestNG.run(AbstractRemoteTestNG.java:115)
at org.testng.remote.RemoteTestNG.initAndRun(RemoteTestNG.java:293)
at org.testng.remote.RemoteTestNG.main(RemoteTestNG.java:91)
]]>
            </full-stacktrace>
          </exception> <!-- java.lang.ArithmeticException -->
          <reporter-output>
          </reporter-output>
        </test-method> <!-- firstGear -->
        <test-method signature="secondGear()[pri:0, instance:com.RedRose.Testng01.Testng02@47eaca72]" started-at="2024-12-26T14:58:17 IST" name="secondGear" finished-at="2024-12-26T14:58:17 IST" duration-ms="2" status="PASS">
          <reporter-output>
          </reporter-output>
        </test-method> <!-- secondGear -->
        <test-method signature="stopCar()[pri:0, instance:com.RedRose.Testng01.Testng02@47eaca72]" started-at="2024-12-26T14:58:17 IST" name="stopCar" finished-at="2024-12-26T14:58:17 IST" duration-ms="2" status="PASS">
          <reporter-output>
          </reporter-output>
        </test-method> <!-- stopCar -->
        <test-method signature="startCar()[pri:1, instance:com.RedRose.Testng01.Testng02@47eaca72]" started-at="2024-12-26T14:58:17 IST" name="startCar" finished-at="2024-12-26T14:58:17 IST" duration-ms="2" status="PASS">
          <reporter-output>
          </reporter-output>
        </test-method> <!-- startCar -->
        <test-method signature="thirdGear()[pri:0, instance:com.RedRose.Testng01.Testng02@47eaca72]" started-at="2024-12-26T14:58:17 IST" name="thirdGear" depends-on-groups="GroupA" finished-at="2024-12-26T14:58:17 IST" duration-ms="3" status="PASS">
          <reporter-output>
          </reporter-output>
        </test-method> <!-- thirdGear -->
      </class> <!-- com.RedRose.Testng01.Testng02 -->
    </test> <!-- Test -->
    <test started-at="2024-12-26T14:58:18 IST" name="Test2" finished-at="2024-12-26T14:58:18 IST" duration-ms="51">
      <class name="com.RedRose.Testng01.TesNG03">
        <test-method signature="startCar(java.lang.String,java.lang.String)[pri:1, instance:com.RedRose.Testng01.TesNG03@26794848]" started-at="2024-12-26T14:58:18 IST" name="startCar" finished-at="2024-12-26T14:58:18 IST" duration-ms="10" status="PASS">
          <params>
            <param index="0">
              <value>
                <![CDATA[Ram@117]]>
              </value>
            </param>
            <param index="1">
              <value>
                <![CDATA[Ram@117]]>
              </value>
            </param>
          </params>
          <reporter-output>
          </reporter-output>
        </test-method> <!-- startCar -->
        <test-method signature="firstGear()[pri:2, instance:com.RedRose.Testng01.TesNG03@26794848]" started-at="2024-12-26T14:58:18 IST" name="firstGear" finished-at="2024-12-26T14:58:18 IST" duration-ms="2" status="PASS">
          <reporter-output>
          </reporter-output>
        </test-method> <!-- firstGear -->
        <test-method signature="firstGear()[pri:2, instance:com.RedRose.Testng01.TesNG03@26794848]" started-at="2024-12-26T14:58:18 IST" name="firstGear" finished-at="2024-12-26T14:58:18 IST" duration-ms="1" status="PASS">
          <reporter-output>
          </reporter-output>
        </test-method> <!-- firstGear -->
        <test-method signature="firstGear()[pri:2, instance:com.RedRose.Testng01.TesNG03@26794848]" started-at="2024-12-26T14:58:18 IST" name="firstGear" finished-at="2024-12-26T14:58:18 IST" duration-ms="2" status="PASS">
          <reporter-output>
          </reporter-output>
        </test-method> <!-- firstGear -->
        <test-method signature="secondGear()[pri:3, instance:com.RedRose.Testng01.TesNG03@26794848]" started-at="2024-12-26T14:58:18 IST" name="secondGear" finished-at="2024-12-26T14:58:18 IST" duration-ms="2" status="PASS">
          <reporter-output>
          </reporter-output>
        </test-method> <!-- secondGear -->
        <test-method signature="thirdGear()[pri:4, instance:com.RedRose.Testng01.TesNG03@26794848]" started-at="2024-12-26T14:58:18 IST" name="thirdGear" finished-at="2024-12-26T14:58:18 IST" duration-ms="2" status="PASS">
          <reporter-output>
          </reporter-output>
        </test-method> <!-- thirdGear -->
        <test-method signature="fourthGear()[pri:5, instance:com.RedRose.Testng01.TesNG03@26794848]" started-at="2024-12-26T14:58:18 IST" name="fourthGear" finished-at="2024-12-26T14:58:18 IST" duration-ms="1" status="PASS">
          <reporter-output>
          </reporter-output>
        </test-method> <!-- fourthGear -->
        <test-method signature="stopCar()[pri:6, instance:com.RedRose.Testng01.TesNG03@26794848]" started-at="2024-12-26T14:58:18 IST" name="stopCar" finished-at="2024-12-26T14:58:18 IST" duration-ms="3" status="PASS">
          <reporter-output>
          </reporter-output>
        </test-method> <!-- stopCar -->
      </class> <!-- com.RedRose.Testng01.TesNG03 -->
    </test> <!-- Test2 -->
  </suite> <!-- Suite -->
</testng-results>
